# JRE version: Java(TM) SE Runtime Environment (8.0_151-b12) (build 1.8.0_151-b12)
# Java VM: Java HotSpot(TM) Client VM (25.151-b12 mixed mode, sharing windows-x86 )
Heap:
 def new generation   total 6336K, used 2235K [0x03e00000, 0x044e0000, 0x09350000)
  eden space 5632K,  27% used [0x03e00000, 0x03f7ef58, 0x04380000)
  from space 704K,  99% used [0x04430000, 0x044dfea8, 0x044e0000)
  to   space 704K,   0% used [0x04380000, 0x04380000, 0x04430000)
 tenured generation   total 14072K, used 11832K [0x09350000, 0x0a10e000, 0x13e00000)
   the space 14072K,  84% used [0x09350000, 0x09ede1a0, 0x09ede200, 0x0a10e000)
 Metaspace       used 8701K, capacity 9971K, committed 9984K, reserved 10624K
GC Heap History (10 events):
Event: 3.326 GC heap before
{Heap before GC invocations=36 (full 1):
 def new generation   total 6336K, used 5923K [0x03e00000, 0x044e0000, 0x09350000)
  eden space 5632K,  99% used [0x03e00000, 0x0437fb30, 0x04380000)
  from space 704K,  41% used [0x04380000, 0x043c9350, 0x04430000)
  to   space 704K,   0% used [0x04430000, 0x04430000, 0x044e0000)
 tenured generation   total 14072K, used 10298K [0x09350000, 0x0a10e000, 0x13e00000)
   the space 14072K,  73% used [0x09350000, 0x09d5e950, 0x09d5ea00, 0x0a10e000)
 Metaspace       used 6841K, capacity 8619K, committed 8704K, reserved 9600K
Event: 3.328 GC heap after
Heap after GC invocations=37 (full 1):
 def new generation   total 6336K, used 704K [0x03e00000, 0x044e0000, 0x09350000)
  eden space 5632K,   0% used [0x03e00000, 0x03e00000, 0x04380000)
  from space 704K, 100% used [0x04430000, 0x044e0000, 0x044e0000)
  to   space 704K,   0% used [0x04380000, 0x04380000, 0x04430000)
 tenured generation   total 14072K, used 10434K [0x09350000, 0x0a10e000, 0x13e00000)
   the space 14072K,  74% used [0x09350000, 0x09d808f0, 0x09d80a00, 0x0a10e000)
 Metaspace       used 6841K, capacity 8619K, committed 8704K, reserved 9600K
}
Event: 3.385 GC heap before
{Heap before GC invocations=37 (full 1):
 def new generation   total 6336K, used 6336K [0x03e00000, 0x044e0000, 0x09350000)
  eden space 5632K, 100% used [0x03e00000, 0x04380000, 0x04380000)
  from space 704K, 100% used [0x04430000, 0x044e0000, 0x044e0000)
  to   space 704K,   0% used [0x04380000, 0x04380000, 0x04430000)
 tenured generation   total 14072K, used 10434K [0x09350000, 0x0a10e000, 0x13e00000)
   the space 14072K,  74% used [0x09350000, 0x09d808f0, 0x09d80a00, 0x0a10e000)
 Metaspace       used 6860K, capacity 8619K, committed 8704K, reserved 9600K
Event: 3.387 GC heap after
Heap after GC invocations=38 (full 1):
 def new generation   total 6336K, used 496K [0x03e00000, 0x044e0000, 0x09350000)
  eden space 5632K,   0% used [0x03e00000, 0x03e00000, 0x04380000)
  from space 704K,  70% used [0x04380000, 0x043fc050, 0x04430000)
  to   space 704K,   0% used [0x04430000, 0x04430000, 0x044e0000)
 tenured generation   total 14072K, used 10953K [0x09350000, 0x0a10e000, 0x13e00000)
   the space 14072K,  77% used [0x09350000, 0x09e027c8, 0x09e02800, 0x0a10e000)
 Metaspace       used 6860K, capacity 8619K, committed 8704K, reserved 9600K
}
Event: 3.488 GC heap before
{Heap before GC invocations=38 (full 1):
 def new generation   total 6336K, used 6128K [0x03e00000, 0x044e0000, 0x09350000)
  eden space 5632K, 100% used [0x03e00000, 0x04380000, 0x04380000)
  from space 704K,  70% used [0x04380000, 0x043fc050, 0x04430000)
  to   space 704K,   0% used [0x04430000, 0x04430000, 0x044e0000)
 tenured generation   total 14072K, used 10953K [0x09350000, 0x0a10e000, 0x13e00000)
   the space 14072K,  77% used [0x09350000, 0x09e027c8, 0x09e02800, 0x0a10e000)
 Metaspace       used 7368K, capacity 9139K, committed 9216K, reserved 9600K
Event: 3.490 GC heap after
Heap after GC invocations=39 (full 1):
 def new generation   total 6336K, used 704K [0x03e00000, 0x044e0000, 0x09350000)
  eden space 5632K,   0% used [0x03e00000, 0x03e00000, 0x04380000)
  from space 704K, 100% used [0x04430000, 0x044e0000, 0x044e0000)
  to   space 704K,   0% used [0x04380000, 0x04380000, 0x04430000)
 tenured generation   total 14072K, used 11167K [0x09350000, 0x0a10e000, 0x13e00000)
   the space 14072K,  79% used [0x09350000, 0x09e37e88, 0x09e38000, 0x0a10e000)
 Metaspace       used 7368K, capacity 9139K, committed 9216K, reserved 9600K
}
Event: 3.634 GC heap before
{Heap before GC invocations=39 (full 1):
 def new generation   total 6336K, used 6336K [0x03e00000, 0x044e0000, 0x09350000)
  eden space 5632K, 100% used [0x03e00000, 0x04380000, 0x04380000)
  from space 704K, 100% used [0x04430000, 0x044e0000, 0x044e0000)
  to   space 704K,   0% used [0x04380000, 0x04380000, 0x04430000)
 tenured generation   total 14072K, used 11167K [0x09350000, 0x0a10e000, 0x13e00000)
   the space 14072K,  79% used [0x09350000, 0x09e37e88, 0x09e38000, 0x0a10e000)
 Metaspace       used 7781K, capacity 9395K, committed 9472K, reserved 9600K
Event: 3.638 GC heap after
Heap after GC invocations=40 (full 1):
 def new generation   total 6336K, used 701K [0x03e00000, 0x044e0000, 0x09350000)
  eden space 5632K,   0% used [0x03e00000, 0x03e00000, 0x04380000)
  from space 704K,  99% used [0x04380000, 0x0442f5e8, 0x04430000)
  to   space 704K,   0% used [0x04430000, 0x04430000, 0x044e0000)
 tenured generation   total 14072K, used 11437K [0x09350000, 0x0a10e000, 0x13e00000)
   the space 14072K,  81% used [0x09350000, 0x09e7b5e8, 0x09e7b600, 0x0a10e000)
 Metaspace       used 7781K, capacity 9395K, committed 9472K, reserved 9600K
}
Event: 3.743 GC heap before
{Heap before GC invocations=40 (full 1):
 def new generation   total 6336K, used 6333K [0x03e00000, 0x044e0000, 0x09350000)
  eden space 5632K, 100% used [0x03e00000, 0x04380000, 0x04380000)
  from space 704K,  99% used [0x04380000, 0x0442f5e8, 0x04430000)
  to   space 704K,   0% used [0x04430000, 0x04430000, 0x044e0000)
 tenured generation   total 14072K, used 11437K [0x09350000, 0x0a10e000, 0x13e00000)
   the space 14072K,  81% used [0x09350000, 0x09e7b5e8, 0x09e7b600, 0x0a10e000)
 Metaspace       used 8246K, capacity 9811K, committed 9856K, reserved 10624K
Event: 3.746 GC heap after
Heap after GC invocations=41 (full 1):
 def new generation   total 6336K, used 703K [0x03e00000, 0x044e0000, 0x09350000)
  eden space 5632K,   0% used [0x03e00000, 0x03e00000, 0x04380000)
  from space 704K,  99% used [0x04430000, 0x044dfea8, 0x044e0000)
  to   space 704K,   0% used [0x04380000, 0x04380000, 0x04430000)
 tenured generation   total 14072K, used 11832K [0x09350000, 0x0a10e000, 0x13e00000)
   the space 14072K,  84% used [0x09350000, 0x09ede1a0, 0x09ede200, 0x0a10e000)
 Metaspace       used 8246K, capacity 9811K, committed 9856K, reserved 10624K
}

